2024-08-05 10:32:42,853:WARNING:
'cuml' is a soft dependency and not included in the pycaret installation. Please run: `pip install cuml` to install.
2024-08-05 10:32:42,853:WARNING:
'cuml' is a soft dependency and not included in the pycaret installation. Please run: `pip install cuml` to install.
2024-08-05 10:32:42,853:WARNING:
'cuml' is a soft dependency and not included in the pycaret installation. Please run: `pip install cuml` to install.
2024-08-05 10:32:42,853:WARNING:
'cuml' is a soft dependency and not included in the pycaret installation. Please run: `pip install cuml` to install.
2024-08-05 10:32:42,927:INFO:PyCaret RegressionExperiment
2024-08-05 10:32:42,927:INFO:Logging name: reg-default-name
2024-08-05 10:32:42,927:INFO:ML Usecase: MLUsecase.REGRESSION
2024-08-05 10:32:42,927:INFO:version 3.3.2
2024-08-05 10:32:42,927:INFO:Initializing setup()
2024-08-05 10:32:42,927:INFO:self.USI: 5b31
2024-08-05 10:32:42,927:INFO:self._variable_keys: {'X_test', 'exp_name_log', 'y_train', 'USI', 'gpu_n_jobs_param', 'X_train', 'pipeline', 'n_jobs_param', 'target_param', 'fold_generator', 'log_plots_param', '_ml_usecase', 'html_param', 'gpu_param', 'exp_id', 'logging_param', 'fold_shuffle_param', 'idx', 'X', 'fold_groups_param', 'y', 'data', '_available_plots', 'memory', 'transform_target_param', 'seed', 'y_test'}
2024-08-05 10:32:42,927:INFO:Checking environment
2024-08-05 10:32:42,927:INFO:python_version: 3.11.9
2024-08-05 10:32:42,927:INFO:python_build: ('main', 'Apr 19 2024 11:43:47')
2024-08-05 10:32:42,927:INFO:machine: arm64
2024-08-05 10:32:42,927:INFO:platform: macOS-14.5-arm64-arm-64bit
2024-08-05 10:32:42,927:INFO:Memory: svmem(total=8589934592, available=2125807616, percent=75.3, used=3447029760, free=54525952, active=2084814848, inactive=1968701440, wired=1362214912)
2024-08-05 10:32:42,927:INFO:Physical Core: 8
2024-08-05 10:32:42,927:INFO:Logical Core: 8
2024-08-05 10:32:42,927:INFO:Checking libraries
2024-08-05 10:32:42,927:INFO:System:
2024-08-05 10:32:42,927:INFO:    python: 3.11.9 (main, Apr 19 2024, 11:43:47) [Clang 14.0.6 ]
2024-08-05 10:32:42,927:INFO:executable: /Users/kyunghee/anaconda3/envs/ss/bin/python
2024-08-05 10:32:42,927:INFO:   machine: macOS-14.5-arm64-arm-64bit
2024-08-05 10:32:42,927:INFO:PyCaret required dependencies:
2024-08-05 10:32:42,942:INFO:                 pip: 24.0
2024-08-05 10:32:42,942:INFO:          setuptools: 69.5.1
2024-08-05 10:32:42,942:INFO:             pycaret: 3.3.2
2024-08-05 10:32:42,942:INFO:             IPython: 8.26.0
2024-08-05 10:32:42,942:INFO:          ipywidgets: 8.1.3
2024-08-05 10:32:42,942:INFO:                tqdm: 4.66.5
2024-08-05 10:32:42,942:INFO:               numpy: 1.26.4
2024-08-05 10:32:42,943:INFO:              pandas: 2.1.4
2024-08-05 10:32:42,943:INFO:              jinja2: 3.1.4
2024-08-05 10:32:42,943:INFO:               scipy: 1.11.4
2024-08-05 10:32:42,943:INFO:              joblib: 1.3.2
2024-08-05 10:32:42,943:INFO:             sklearn: 1.4.2
2024-08-05 10:32:42,943:INFO:                pyod: 2.0.1
2024-08-05 10:32:42,943:INFO:            imblearn: 0.12.3
2024-08-05 10:32:42,943:INFO:   category_encoders: 2.6.3
2024-08-05 10:32:42,943:INFO:            lightgbm: 4.5.0
2024-08-05 10:32:42,943:INFO:               numba: 0.60.0
2024-08-05 10:32:42,943:INFO:            requests: 2.32.3
2024-08-05 10:32:42,943:INFO:          matplotlib: 3.7.5
2024-08-05 10:32:42,943:INFO:          scikitplot: 0.3.7
2024-08-05 10:32:42,943:INFO:         yellowbrick: 1.5
2024-08-05 10:32:42,943:INFO:              plotly: 5.23.0
2024-08-05 10:32:42,943:INFO:    plotly-resampler: Not installed
2024-08-05 10:32:42,943:INFO:             kaleido: 0.2.1
2024-08-05 10:32:42,943:INFO:           schemdraw: 0.15
2024-08-05 10:32:42,943:INFO:         statsmodels: 0.14.2
2024-08-05 10:32:42,943:INFO:              sktime: 0.26.0
2024-08-05 10:32:42,943:INFO:               tbats: 1.1.3
2024-08-05 10:32:42,943:INFO:            pmdarima: 2.0.4
2024-08-05 10:32:42,943:INFO:              psutil: 5.9.0
2024-08-05 10:32:42,943:INFO:          markupsafe: 2.1.5
2024-08-05 10:32:42,943:INFO:             pickle5: Not installed
2024-08-05 10:32:42,943:INFO:         cloudpickle: 3.0.0
2024-08-05 10:32:42,943:INFO:         deprecation: 2.1.0
2024-08-05 10:32:42,943:INFO:              xxhash: 3.4.1
2024-08-05 10:32:42,943:INFO:           wurlitzer: 3.1.1
2024-08-05 10:32:42,943:INFO:PyCaret optional dependencies:
2024-08-05 10:32:42,948:INFO:                shap: Not installed
2024-08-05 10:32:42,948:INFO:           interpret: Not installed
2024-08-05 10:32:42,949:INFO:                umap: Not installed
2024-08-05 10:32:42,949:INFO:     ydata_profiling: Not installed
2024-08-05 10:32:42,949:INFO:  explainerdashboard: Not installed
2024-08-05 10:32:42,949:INFO:             autoviz: Not installed
2024-08-05 10:32:42,949:INFO:           fairlearn: Not installed
2024-08-05 10:32:42,949:INFO:          deepchecks: Not installed
2024-08-05 10:32:42,949:INFO:             xgboost: Not installed
2024-08-05 10:32:42,949:INFO:            catboost: Not installed
2024-08-05 10:32:42,949:INFO:              kmodes: Not installed
2024-08-05 10:32:42,949:INFO:             mlxtend: Not installed
2024-08-05 10:32:42,949:INFO:       statsforecast: Not installed
2024-08-05 10:32:42,949:INFO:        tune_sklearn: Not installed
2024-08-05 10:32:42,949:INFO:                 ray: Not installed
2024-08-05 10:32:42,949:INFO:            hyperopt: Not installed
2024-08-05 10:32:42,949:INFO:              optuna: Not installed
2024-08-05 10:32:42,949:INFO:               skopt: Not installed
2024-08-05 10:32:42,949:INFO:              mlflow: Not installed
2024-08-05 10:32:42,949:INFO:              gradio: Not installed
2024-08-05 10:32:42,949:INFO:             fastapi: Not installed
2024-08-05 10:32:42,949:INFO:             uvicorn: Not installed
2024-08-05 10:32:42,949:INFO:              m2cgen: Not installed
2024-08-05 10:32:42,949:INFO:           evidently: Not installed
2024-08-05 10:32:42,949:INFO:               fugue: Not installed
2024-08-05 10:32:42,949:INFO:           streamlit: Not installed
2024-08-05 10:32:42,949:INFO:             prophet: Not installed
2024-08-05 10:32:42,949:INFO:None
2024-08-05 10:32:42,949:INFO:Set up data.
2024-08-05 10:32:42,951:INFO:Set up folding strategy.
2024-08-05 10:32:42,951:INFO:Set up train/test split.
2024-08-05 10:32:42,953:INFO:Set up index.
2024-08-05 10:32:42,953:INFO:Assigning column types.
2024-08-05 10:32:42,954:INFO:Engine successfully changes for model 'lr' to 'sklearn'.
2024-08-05 10:32:42,954:INFO:Engine for model 'lasso' has not been set explicitly, hence returning None.
2024-08-05 10:32:42,956:INFO:Engine for model 'ridge' has not been set explicitly, hence returning None.
2024-08-05 10:32:42,958:INFO:Engine for model 'en' has not been set explicitly, hence returning None.
2024-08-05 10:32:42,981:INFO:Engine for model 'svm' has not been set explicitly, hence returning None.
2024-08-05 10:32:42,998:INFO:Engine for model 'knn' has not been set explicitly, hence returning None.
2024-08-05 10:32:42,999:WARNING:
'xgboost' is a soft dependency and not included in the pycaret installation. Please run: `pip install xgboost` to install.
Alternately, you can install this by running `pip install pycaret[models]`
2024-08-05 10:32:42,999:WARNING:
'catboost' is a soft dependency and not included in the pycaret installation. Please run: `pip install catboost` to install.
Alternately, you can install this by running `pip install pycaret[models]`
2024-08-05 10:32:42,999:INFO:Engine for model 'lasso' has not been set explicitly, hence returning None.
2024-08-05 10:32:43,001:INFO:Engine for model 'ridge' has not been set explicitly, hence returning None.
2024-08-05 10:32:43,002:INFO:Engine for model 'en' has not been set explicitly, hence returning None.
2024-08-05 10:32:43,025:INFO:Engine for model 'svm' has not been set explicitly, hence returning None.
2024-08-05 10:32:43,043:INFO:Engine for model 'knn' has not been set explicitly, hence returning None.
2024-08-05 10:32:43,043:WARNING:
'xgboost' is a soft dependency and not included in the pycaret installation. Please run: `pip install xgboost` to install.
Alternately, you can install this by running `pip install pycaret[models]`
2024-08-05 10:32:43,043:WARNING:
'catboost' is a soft dependency and not included in the pycaret installation. Please run: `pip install catboost` to install.
Alternately, you can install this by running `pip install pycaret[models]`
2024-08-05 10:32:43,043:INFO:Engine successfully changes for model 'lasso' to 'sklearn'.
2024-08-05 10:32:43,045:INFO:Engine for model 'ridge' has not been set explicitly, hence returning None.
2024-08-05 10:32:43,047:INFO:Engine for model 'en' has not been set explicitly, hence returning None.
2024-08-05 10:32:43,070:INFO:Engine for model 'svm' has not been set explicitly, hence returning None.
2024-08-05 10:32:43,087:INFO:Engine for model 'knn' has not been set explicitly, hence returning None.
2024-08-05 10:32:43,088:WARNING:
'xgboost' is a soft dependency and not included in the pycaret installation. Please run: `pip install xgboost` to install.
Alternately, you can install this by running `pip install pycaret[models]`
2024-08-05 10:32:43,088:WARNING:
'catboost' is a soft dependency and not included in the pycaret installation. Please run: `pip install catboost` to install.
Alternately, you can install this by running `pip install pycaret[models]`
2024-08-05 10:32:43,090:INFO:Engine for model 'ridge' has not been set explicitly, hence returning None.
2024-08-05 10:32:43,091:INFO:Engine for model 'en' has not been set explicitly, hence returning None.
2024-08-05 10:32:43,114:INFO:Engine for model 'svm' has not been set explicitly, hence returning None.
2024-08-05 10:32:43,132:INFO:Engine for model 'knn' has not been set explicitly, hence returning None.
2024-08-05 10:32:43,133:WARNING:
'xgboost' is a soft dependency and not included in the pycaret installation. Please run: `pip install xgboost` to install.
Alternately, you can install this by running `pip install pycaret[models]`
2024-08-05 10:32:43,133:WARNING:
'catboost' is a soft dependency and not included in the pycaret installation. Please run: `pip install catboost` to install.
Alternately, you can install this by running `pip install pycaret[models]`
2024-08-05 10:32:43,133:INFO:Engine successfully changes for model 'ridge' to 'sklearn'.
2024-08-05 10:32:43,137:INFO:Engine for model 'en' has not been set explicitly, hence returning None.
2024-08-05 10:32:43,198:INFO:Engine for model 'svm' has not been set explicitly, hence returning None.
2024-08-05 10:32:43,215:INFO:Engine for model 'knn' has not been set explicitly, hence returning None.
2024-08-05 10:32:43,216:WARNING:
'xgboost' is a soft dependency and not included in the pycaret installation. Please run: `pip install xgboost` to install.
Alternately, you can install this by running `pip install pycaret[models]`
2024-08-05 10:32:43,216:WARNING:
'catboost' is a soft dependency and not included in the pycaret installation. Please run: `pip install catboost` to install.
Alternately, you can install this by running `pip install pycaret[models]`
2024-08-05 10:32:43,219:INFO:Engine for model 'en' has not been set explicitly, hence returning None.
2024-08-05 10:32:43,242:INFO:Engine for model 'svm' has not been set explicitly, hence returning None.
2024-08-05 10:32:43,260:INFO:Engine for model 'knn' has not been set explicitly, hence returning None.
2024-08-05 10:32:43,260:WARNING:
'xgboost' is a soft dependency and not included in the pycaret installation. Please run: `pip install xgboost` to install.
Alternately, you can install this by running `pip install pycaret[models]`
2024-08-05 10:32:43,260:WARNING:
'catboost' is a soft dependency and not included in the pycaret installation. Please run: `pip install catboost` to install.
Alternately, you can install this by running `pip install pycaret[models]`
2024-08-05 10:32:43,260:INFO:Engine successfully changes for model 'en' to 'sklearn'.
2024-08-05 10:32:43,287:INFO:Engine for model 'svm' has not been set explicitly, hence returning None.
2024-08-05 10:32:43,304:INFO:Engine for model 'knn' has not been set explicitly, hence returning None.
2024-08-05 10:32:43,304:WARNING:
'xgboost' is a soft dependency and not included in the pycaret installation. Please run: `pip install xgboost` to install.
Alternately, you can install this by running `pip install pycaret[models]`
2024-08-05 10:32:43,304:WARNING:
'catboost' is a soft dependency and not included in the pycaret installation. Please run: `pip install catboost` to install.
Alternately, you can install this by running `pip install pycaret[models]`
2024-08-05 10:32:43,331:INFO:Engine for model 'svm' has not been set explicitly, hence returning None.
2024-08-05 10:32:43,348:INFO:Engine for model 'knn' has not been set explicitly, hence returning None.
2024-08-05 10:32:43,348:WARNING:
'xgboost' is a soft dependency and not included in the pycaret installation. Please run: `pip install xgboost` to install.
Alternately, you can install this by running `pip install pycaret[models]`
2024-08-05 10:32:43,348:WARNING:
'catboost' is a soft dependency and not included in the pycaret installation. Please run: `pip install catboost` to install.
Alternately, you can install this by running `pip install pycaret[models]`
2024-08-05 10:32:43,348:INFO:Engine successfully changes for model 'knn' to 'sklearn'.
2024-08-05 10:32:43,374:INFO:Engine for model 'svm' has not been set explicitly, hence returning None.
2024-08-05 10:32:43,392:WARNING:
'xgboost' is a soft dependency and not included in the pycaret installation. Please run: `pip install xgboost` to install.
Alternately, you can install this by running `pip install pycaret[models]`
2024-08-05 10:32:43,392:WARNING:
'catboost' is a soft dependency and not included in the pycaret installation. Please run: `pip install catboost` to install.
Alternately, you can install this by running `pip install pycaret[models]`
2024-08-05 10:32:43,418:INFO:Engine for model 'svm' has not been set explicitly, hence returning None.
2024-08-05 10:32:43,436:WARNING:
'xgboost' is a soft dependency and not included in the pycaret installation. Please run: `pip install xgboost` to install.
Alternately, you can install this by running `pip install pycaret[models]`
2024-08-05 10:32:43,436:WARNING:
'catboost' is a soft dependency and not included in the pycaret installation. Please run: `pip install catboost` to install.
Alternately, you can install this by running `pip install pycaret[models]`
2024-08-05 10:32:43,436:INFO:Engine successfully changes for model 'svm' to 'sklearn'.
2024-08-05 10:32:43,480:WARNING:
'xgboost' is a soft dependency and not included in the pycaret installation. Please run: `pip install xgboost` to install.
Alternately, you can install this by running `pip install pycaret[models]`
2024-08-05 10:32:43,480:WARNING:
'catboost' is a soft dependency and not included in the pycaret installation. Please run: `pip install catboost` to install.
Alternately, you can install this by running `pip install pycaret[models]`
2024-08-05 10:32:43,524:WARNING:
'xgboost' is a soft dependency and not included in the pycaret installation. Please run: `pip install xgboost` to install.
Alternately, you can install this by running `pip install pycaret[models]`
2024-08-05 10:32:43,524:WARNING:
'catboost' is a soft dependency and not included in the pycaret installation. Please run: `pip install catboost` to install.
Alternately, you can install this by running `pip install pycaret[models]`
2024-08-05 10:32:43,525:INFO:Preparing preprocessing pipeline...
2024-08-05 10:32:43,525:INFO:Set up simple imputation.
2024-08-05 10:32:43,533:INFO:Finished creating preprocessing pipeline.
2024-08-05 10:32:43,534:INFO:Pipeline: Pipeline(memory=FastMemory(location=/var/folders/xn/54pdwlgd64n6bvcdrvsxqzx00000gn/T/joblib),
         steps=[('numerical_imputer',
                 TransformerWrapper(include=['x_0', 'x_1', 'x_2', 'x_3', 'x_4',
                                             'x_5', 'x_6', 'x_7', 'x_8', 'x_9',
                                             'x_10'],
                                    transformer=SimpleImputer())),
                ('categorical_imputer',
                 TransformerWrapper(include=[],
                                    transformer=SimpleImputer(strategy='most_frequent')))])
2024-08-05 10:32:43,534:INFO:Creating final display dataframe.
2024-08-05 10:32:43,557:INFO:Setup _display_container:                     Description             Value
0                    Session id                42
1                        Target                 y
2                   Target type        Regression
3           Original data shape        (3071, 12)
4        Transformed data shape        (3071, 12)
5   Transformed train set shape        (2149, 12)
6    Transformed test set shape         (922, 12)
7              Numeric features                11
8                    Preprocess              True
9               Imputation type            simple
10           Numeric imputation              mean
11       Categorical imputation              mode
12               Fold Generator             KFold
13                  Fold Number                10
14                     CPU Jobs                -1
15                      Use GPU             False
16               Log Experiment             False
17              Experiment Name  reg-default-name
18                          USI              5b31
2024-08-05 10:32:43,606:WARNING:
'xgboost' is a soft dependency and not included in the pycaret installation. Please run: `pip install xgboost` to install.
Alternately, you can install this by running `pip install pycaret[models]`
2024-08-05 10:32:43,606:WARNING:
'catboost' is a soft dependency and not included in the pycaret installation. Please run: `pip install catboost` to install.
Alternately, you can install this by running `pip install pycaret[models]`
2024-08-05 10:32:43,650:WARNING:
'xgboost' is a soft dependency and not included in the pycaret installation. Please run: `pip install xgboost` to install.
Alternately, you can install this by running `pip install pycaret[models]`
2024-08-05 10:32:43,650:WARNING:
'catboost' is a soft dependency and not included in the pycaret installation. Please run: `pip install catboost` to install.
Alternately, you can install this by running `pip install pycaret[models]`
2024-08-05 10:32:43,651:INFO:setup() successfully completed in 0.72s...............
2024-08-05 10:32:43,651:INFO:Initializing compare_models()
2024-08-05 10:32:43,651:INFO:compare_models(self=<pycaret.regression.oop.RegressionExperiment object at 0x104790890>, include=None, exclude=None, fold=None, round=4, cross_validation=True, sort=R2, n_select=1, budget_time=None, turbo=True, errors=ignore, fit_kwargs=None, groups=None, experiment_custom_tags=None, probability_threshold=None, verbose=True, parallel=None, caller_params={'self': <pycaret.regression.oop.RegressionExperiment object at 0x104790890>, 'include': None, 'exclude': None, 'fold': None, 'round': 4, 'cross_validation': True, 'sort': 'R2', 'n_select': 1, 'budget_time': None, 'turbo': True, 'errors': 'ignore', 'fit_kwargs': None, 'groups': None, 'experiment_custom_tags': None, 'engine': None, 'verbose': True, 'parallel': None, '__class__': <class 'pycaret.regression.oop.RegressionExperiment'>})
2024-08-05 10:32:43,651:INFO:Checking exceptions
2024-08-05 10:32:43,652:INFO:Preparing display monitor
2024-08-05 10:32:43,675:INFO:Initializing Linear Regression
2024-08-05 10:32:43,675:INFO:Total runtime is 3.751118977864583e-06 minutes
2024-08-05 10:32:43,676:INFO:SubProcess create_model() called ==================================
2024-08-05 10:32:43,677:INFO:Initializing create_model()
2024-08-05 10:32:43,677:INFO:create_model(self=<pycaret.regression.oop.RegressionExperiment object at 0x104790890>, estimator=lr, fold=KFold(n_splits=10, random_state=None, shuffle=False), round=4, cross_validation=True, predict=True, fit_kwargs={}, groups=None, refit=False, probability_threshold=None, experiment_custom_tags=None, verbose=False, system=False, add_to_model_list=True, metrics=None, display=<pycaret.internal.display.display.CommonDisplay object at 0x16a9b0850>, model_only=True, return_train_score=False, error_score=0.0, kwargs={})
2024-08-05 10:32:43,677:INFO:Checking exceptions
2024-08-05 10:32:43,677:INFO:Importing libraries
2024-08-05 10:32:43,677:INFO:Copying training dataset
2024-08-05 10:32:43,681:INFO:Defining folds
2024-08-05 10:32:43,681:INFO:Declaring metric variables
2024-08-05 10:32:43,683:INFO:Importing untrained model
2024-08-05 10:32:43,687:INFO:Linear Regression Imported successfully
2024-08-05 10:32:43,690:INFO:Starting cross validation
2024-08-05 10:32:43,694:INFO:Cross validating with KFold(n_splits=10, random_state=None, shuffle=False), n_jobs=-1
2024-08-05 10:32:46,863:INFO:Calculating mean and std
2024-08-05 10:32:46,866:INFO:Creating metrics dataframe
2024-08-05 10:32:46,869:INFO:Uploading results into container
2024-08-05 10:32:46,871:INFO:Uploading model into container now
2024-08-05 10:32:46,872:INFO:_master_model_container: 1
2024-08-05 10:32:46,872:INFO:_display_container: 2
2024-08-05 10:32:46,873:INFO:LinearRegression(n_jobs=-1)
2024-08-05 10:32:46,873:INFO:create_model() successfully completed......................................
2024-08-05 10:32:46,954:INFO:SubProcess create_model() end ==================================
2024-08-05 10:32:46,954:INFO:Creating metrics dataframe
2024-08-05 10:32:46,957:INFO:Initializing Lasso Regression
2024-08-05 10:32:46,957:INFO:Total runtime is 0.05469846725463867 minutes
2024-08-05 10:32:46,958:INFO:SubProcess create_model() called ==================================
2024-08-05 10:32:46,958:INFO:Initializing create_model()
2024-08-05 10:32:46,958:INFO:create_model(self=<pycaret.regression.oop.RegressionExperiment object at 0x104790890>, estimator=lasso, fold=KFold(n_splits=10, random_state=None, shuffle=False), round=4, cross_validation=True, predict=True, fit_kwargs={}, groups=None, refit=False, probability_threshold=None, experiment_custom_tags=None, verbose=False, system=False, add_to_model_list=True, metrics=None, display=<pycaret.internal.display.display.CommonDisplay object at 0x16a9b0850>, model_only=True, return_train_score=False, error_score=0.0, kwargs={})
2024-08-05 10:32:46,958:INFO:Checking exceptions
2024-08-05 10:32:46,958:INFO:Importing libraries
2024-08-05 10:32:46,958:INFO:Copying training dataset
2024-08-05 10:32:46,961:INFO:Defining folds
2024-08-05 10:32:46,961:INFO:Declaring metric variables
2024-08-05 10:32:46,962:INFO:Importing untrained model
2024-08-05 10:32:46,963:INFO:Lasso Regression Imported successfully
2024-08-05 10:32:46,966:INFO:Starting cross validation
2024-08-05 10:32:46,966:INFO:Cross validating with KFold(n_splits=10, random_state=None, shuffle=False), n_jobs=-1
2024-08-05 10:32:47,006:INFO:Calculating mean and std
2024-08-05 10:32:47,007:INFO:Creating metrics dataframe
2024-08-05 10:32:47,007:INFO:Uploading results into container
2024-08-05 10:32:47,008:INFO:Uploading model into container now
2024-08-05 10:32:47,008:INFO:_master_model_container: 2
2024-08-05 10:32:47,008:INFO:_display_container: 2
2024-08-05 10:32:47,008:INFO:Lasso(random_state=42)
2024-08-05 10:32:47,008:INFO:create_model() successfully completed......................................
2024-08-05 10:32:47,048:INFO:SubProcess create_model() end ==================================
2024-08-05 10:32:47,048:INFO:Creating metrics dataframe
2024-08-05 10:32:47,051:INFO:Initializing Ridge Regression
2024-08-05 10:32:47,052:INFO:Total runtime is 0.05627921422322591 minutes
2024-08-05 10:32:47,053:INFO:SubProcess create_model() called ==================================
2024-08-05 10:32:47,053:INFO:Initializing create_model()
2024-08-05 10:32:47,053:INFO:create_model(self=<pycaret.regression.oop.RegressionExperiment object at 0x104790890>, estimator=ridge, fold=KFold(n_splits=10, random_state=None, shuffle=False), round=4, cross_validation=True, predict=True, fit_kwargs={}, groups=None, refit=False, probability_threshold=None, experiment_custom_tags=None, verbose=False, system=False, add_to_model_list=True, metrics=None, display=<pycaret.internal.display.display.CommonDisplay object at 0x16a9b0850>, model_only=True, return_train_score=False, error_score=0.0, kwargs={})
2024-08-05 10:32:47,053:INFO:Checking exceptions
2024-08-05 10:32:47,053:INFO:Importing libraries
2024-08-05 10:32:47,053:INFO:Copying training dataset
2024-08-05 10:32:47,055:INFO:Defining folds
2024-08-05 10:32:47,055:INFO:Declaring metric variables
2024-08-05 10:32:47,056:INFO:Importing untrained model
2024-08-05 10:32:47,057:INFO:Ridge Regression Imported successfully
2024-08-05 10:32:47,060:INFO:Starting cross validation
2024-08-05 10:32:47,060:INFO:Cross validating with KFold(n_splits=10, random_state=None, shuffle=False), n_jobs=-1
2024-08-05 10:32:47,102:INFO:Calculating mean and std
2024-08-05 10:32:47,104:INFO:Creating metrics dataframe
2024-08-05 10:32:47,116:INFO:Uploading results into container
2024-08-05 10:32:47,118:INFO:Uploading model into container now
2024-08-05 10:32:47,123:INFO:_master_model_container: 3
2024-08-05 10:32:47,124:INFO:_display_container: 2
2024-08-05 10:32:47,127:INFO:Ridge(random_state=42)
2024-08-05 10:32:47,127:INFO:create_model() successfully completed......................................
2024-08-05 10:32:47,190:INFO:SubProcess create_model() end ==================================
2024-08-05 10:32:47,190:INFO:Creating metrics dataframe
2024-08-05 10:32:47,194:INFO:Initializing Elastic Net
2024-08-05 10:32:47,194:INFO:Total runtime is 0.0586541493733724 minutes
2024-08-05 10:32:47,195:INFO:SubProcess create_model() called ==================================
2024-08-05 10:32:47,195:INFO:Initializing create_model()
2024-08-05 10:32:47,195:INFO:create_model(self=<pycaret.regression.oop.RegressionExperiment object at 0x104790890>, estimator=en, fold=KFold(n_splits=10, random_state=None, shuffle=False), round=4, cross_validation=True, predict=True, fit_kwargs={}, groups=None, refit=False, probability_threshold=None, experiment_custom_tags=None, verbose=False, system=False, add_to_model_list=True, metrics=None, display=<pycaret.internal.display.display.CommonDisplay object at 0x16a9b0850>, model_only=True, return_train_score=False, error_score=0.0, kwargs={})
2024-08-05 10:32:47,195:INFO:Checking exceptions
2024-08-05 10:32:47,195:INFO:Importing libraries
2024-08-05 10:32:47,195:INFO:Copying training dataset
2024-08-05 10:32:47,198:INFO:Defining folds
2024-08-05 10:32:47,198:INFO:Declaring metric variables
2024-08-05 10:32:47,199:INFO:Importing untrained model
2024-08-05 10:32:47,200:INFO:Elastic Net Imported successfully
2024-08-05 10:32:47,203:INFO:Starting cross validation
2024-08-05 10:32:47,203:INFO:Cross validating with KFold(n_splits=10, random_state=None, shuffle=False), n_jobs=-1
2024-08-05 10:32:47,246:INFO:Calculating mean and std
2024-08-05 10:32:47,246:INFO:Creating metrics dataframe
2024-08-05 10:32:47,247:INFO:Uploading results into container
2024-08-05 10:32:47,247:INFO:Uploading model into container now
2024-08-05 10:32:47,247:INFO:_master_model_container: 4
2024-08-05 10:32:47,247:INFO:_display_container: 2
2024-08-05 10:32:47,247:INFO:ElasticNet(random_state=42)
2024-08-05 10:32:47,247:INFO:create_model() successfully completed......................................
2024-08-05 10:32:47,288:INFO:SubProcess create_model() end ==================================
2024-08-05 10:32:47,289:INFO:Creating metrics dataframe
2024-08-05 10:32:47,292:INFO:Initializing Least Angle Regression
2024-08-05 10:32:47,292:INFO:Total runtime is 0.0602866808573405 minutes
2024-08-05 10:32:47,294:INFO:SubProcess create_model() called ==================================
2024-08-05 10:32:47,294:INFO:Initializing create_model()
2024-08-05 10:32:47,294:INFO:create_model(self=<pycaret.regression.oop.RegressionExperiment object at 0x104790890>, estimator=lar, fold=KFold(n_splits=10, random_state=None, shuffle=False), round=4, cross_validation=True, predict=True, fit_kwargs={}, groups=None, refit=False, probability_threshold=None, experiment_custom_tags=None, verbose=False, system=False, add_to_model_list=True, metrics=None, display=<pycaret.internal.display.display.CommonDisplay object at 0x16a9b0850>, model_only=True, return_train_score=False, error_score=0.0, kwargs={})
2024-08-05 10:32:47,294:INFO:Checking exceptions
2024-08-05 10:32:47,294:INFO:Importing libraries
2024-08-05 10:32:47,294:INFO:Copying training dataset
2024-08-05 10:32:47,297:INFO:Defining folds
2024-08-05 10:32:47,297:INFO:Declaring metric variables
2024-08-05 10:32:47,298:INFO:Importing untrained model
2024-08-05 10:32:47,299:INFO:Least Angle Regression Imported successfully
2024-08-05 10:32:47,301:INFO:Starting cross validation
2024-08-05 10:32:47,302:INFO:Cross validating with KFold(n_splits=10, random_state=None, shuffle=False), n_jobs=-1
2024-08-05 10:32:47,340:INFO:Calculating mean and std
2024-08-05 10:32:47,341:INFO:Creating metrics dataframe
2024-08-05 10:32:47,341:INFO:Uploading results into container
2024-08-05 10:32:47,341:INFO:Uploading model into container now
2024-08-05 10:32:47,342:INFO:_master_model_container: 5
2024-08-05 10:32:47,342:INFO:_display_container: 2
2024-08-05 10:32:47,342:INFO:Lars(random_state=42)
2024-08-05 10:32:47,342:INFO:create_model() successfully completed......................................
2024-08-05 10:32:47,385:INFO:SubProcess create_model() end ==================================
2024-08-05 10:32:47,385:INFO:Creating metrics dataframe
2024-08-05 10:32:47,388:INFO:Initializing Lasso Least Angle Regression
2024-08-05 10:32:47,388:INFO:Total runtime is 0.06188378334045411 minutes
2024-08-05 10:32:47,389:INFO:SubProcess create_model() called ==================================
2024-08-05 10:32:47,389:INFO:Initializing create_model()
2024-08-05 10:32:47,389:INFO:create_model(self=<pycaret.regression.oop.RegressionExperiment object at 0x104790890>, estimator=llar, fold=KFold(n_splits=10, random_state=None, shuffle=False), round=4, cross_validation=True, predict=True, fit_kwargs={}, groups=None, refit=False, probability_threshold=None, experiment_custom_tags=None, verbose=False, system=False, add_to_model_list=True, metrics=None, display=<pycaret.internal.display.display.CommonDisplay object at 0x16a9b0850>, model_only=True, return_train_score=False, error_score=0.0, kwargs={})
2024-08-05 10:32:47,389:INFO:Checking exceptions
2024-08-05 10:32:47,389:INFO:Importing libraries
2024-08-05 10:32:47,389:INFO:Copying training dataset
2024-08-05 10:32:47,392:INFO:Defining folds
2024-08-05 10:32:47,392:INFO:Declaring metric variables
2024-08-05 10:32:47,393:INFO:Importing untrained model
2024-08-05 10:32:47,395:INFO:Lasso Least Angle Regression Imported successfully
2024-08-05 10:32:47,398:INFO:Starting cross validation
2024-08-05 10:32:47,399:INFO:Cross validating with KFold(n_splits=10, random_state=None, shuffle=False), n_jobs=-1
2024-08-05 10:32:47,440:INFO:Calculating mean and std
2024-08-05 10:32:47,440:INFO:Creating metrics dataframe
2024-08-05 10:32:47,441:INFO:Uploading results into container
2024-08-05 10:32:47,441:INFO:Uploading model into container now
2024-08-05 10:32:47,441:INFO:_master_model_container: 6
2024-08-05 10:32:47,441:INFO:_display_container: 2
2024-08-05 10:32:47,441:INFO:LassoLars(random_state=42)
2024-08-05 10:32:47,441:INFO:create_model() successfully completed......................................
2024-08-05 10:32:47,482:INFO:SubProcess create_model() end ==================================
2024-08-05 10:32:47,482:INFO:Creating metrics dataframe
2024-08-05 10:32:47,485:INFO:Initializing Orthogonal Matching Pursuit
2024-08-05 10:32:47,485:INFO:Total runtime is 0.06349874734878541 minutes
2024-08-05 10:32:47,486:INFO:SubProcess create_model() called ==================================
2024-08-05 10:32:47,486:INFO:Initializing create_model()
2024-08-05 10:32:47,486:INFO:create_model(self=<pycaret.regression.oop.RegressionExperiment object at 0x104790890>, estimator=omp, fold=KFold(n_splits=10, random_state=None, shuffle=False), round=4, cross_validation=True, predict=True, fit_kwargs={}, groups=None, refit=False, probability_threshold=None, experiment_custom_tags=None, verbose=False, system=False, add_to_model_list=True, metrics=None, display=<pycaret.internal.display.display.CommonDisplay object at 0x16a9b0850>, model_only=True, return_train_score=False, error_score=0.0, kwargs={})
2024-08-05 10:32:47,486:INFO:Checking exceptions
2024-08-05 10:32:47,486:INFO:Importing libraries
2024-08-05 10:32:47,486:INFO:Copying training dataset
2024-08-05 10:32:47,489:INFO:Defining folds
2024-08-05 10:32:47,489:INFO:Declaring metric variables
2024-08-05 10:32:47,490:INFO:Importing untrained model
2024-08-05 10:32:47,491:INFO:Orthogonal Matching Pursuit Imported successfully
2024-08-05 10:32:47,493:INFO:Starting cross validation
2024-08-05 10:32:47,494:INFO:Cross validating with KFold(n_splits=10, random_state=None, shuffle=False), n_jobs=-1
2024-08-05 10:32:47,536:INFO:Calculating mean and std
2024-08-05 10:32:47,536:INFO:Creating metrics dataframe
2024-08-05 10:32:47,537:INFO:Uploading results into container
2024-08-05 10:32:47,537:INFO:Uploading model into container now
2024-08-05 10:32:47,537:INFO:_master_model_container: 7
2024-08-05 10:32:47,537:INFO:_display_container: 2
2024-08-05 10:32:47,537:INFO:OrthogonalMatchingPursuit()
2024-08-05 10:32:47,537:INFO:create_model() successfully completed......................................
2024-08-05 10:32:47,578:INFO:SubProcess create_model() end ==================================
2024-08-05 10:32:47,578:INFO:Creating metrics dataframe
2024-08-05 10:32:47,582:INFO:Initializing Bayesian Ridge
2024-08-05 10:32:47,582:INFO:Total runtime is 0.06511968374252321 minutes
2024-08-05 10:32:47,583:INFO:SubProcess create_model() called ==================================
2024-08-05 10:32:47,583:INFO:Initializing create_model()
2024-08-05 10:32:47,583:INFO:create_model(self=<pycaret.regression.oop.RegressionExperiment object at 0x104790890>, estimator=br, fold=KFold(n_splits=10, random_state=None, shuffle=False), round=4, cross_validation=True, predict=True, fit_kwargs={}, groups=None, refit=False, probability_threshold=None, experiment_custom_tags=None, verbose=False, system=False, add_to_model_list=True, metrics=None, display=<pycaret.internal.display.display.CommonDisplay object at 0x16a9b0850>, model_only=True, return_train_score=False, error_score=0.0, kwargs={})
2024-08-05 10:32:47,583:INFO:Checking exceptions
2024-08-05 10:32:47,583:INFO:Importing libraries
2024-08-05 10:32:47,583:INFO:Copying training dataset
2024-08-05 10:32:47,586:INFO:Defining folds
2024-08-05 10:32:47,586:INFO:Declaring metric variables
2024-08-05 10:32:47,587:INFO:Importing untrained model
2024-08-05 10:32:47,588:INFO:Bayesian Ridge Imported successfully
2024-08-05 10:32:47,590:INFO:Starting cross validation
2024-08-05 10:32:47,590:INFO:Cross validating with KFold(n_splits=10, random_state=None, shuffle=False), n_jobs=-1
2024-08-05 10:32:47,632:INFO:Calculating mean and std
2024-08-05 10:32:47,632:INFO:Creating metrics dataframe
2024-08-05 10:32:47,633:INFO:Uploading results into container
2024-08-05 10:32:47,633:INFO:Uploading model into container now
2024-08-05 10:32:47,633:INFO:_master_model_container: 8
2024-08-05 10:32:47,633:INFO:_display_container: 2
2024-08-05 10:32:47,633:INFO:BayesianRidge()
2024-08-05 10:32:47,633:INFO:create_model() successfully completed......................................
2024-08-05 10:32:47,674:INFO:SubProcess create_model() end ==================================
2024-08-05 10:32:47,674:INFO:Creating metrics dataframe
2024-08-05 10:32:47,677:INFO:Initializing Passive Aggressive Regressor
2024-08-05 10:32:47,677:INFO:Total runtime is 0.06671008268992107 minutes
2024-08-05 10:32:47,678:INFO:SubProcess create_model() called ==================================
2024-08-05 10:32:47,679:INFO:Initializing create_model()
2024-08-05 10:32:47,679:INFO:create_model(self=<pycaret.regression.oop.RegressionExperiment object at 0x104790890>, estimator=par, fold=KFold(n_splits=10, random_state=None, shuffle=False), round=4, cross_validation=True, predict=True, fit_kwargs={}, groups=None, refit=False, probability_threshold=None, experiment_custom_tags=None, verbose=False, system=False, add_to_model_list=True, metrics=None, display=<pycaret.internal.display.display.CommonDisplay object at 0x16a9b0850>, model_only=True, return_train_score=False, error_score=0.0, kwargs={})
2024-08-05 10:32:47,679:INFO:Checking exceptions
2024-08-05 10:32:47,679:INFO:Importing libraries
2024-08-05 10:32:47,679:INFO:Copying training dataset
2024-08-05 10:32:47,681:INFO:Defining folds
2024-08-05 10:32:47,681:INFO:Declaring metric variables
2024-08-05 10:32:47,683:INFO:Importing untrained model
2024-08-05 10:32:47,684:INFO:Passive Aggressive Regressor Imported successfully
2024-08-05 10:32:47,687:INFO:Starting cross validation
2024-08-05 10:32:47,687:INFO:Cross validating with KFold(n_splits=10, random_state=None, shuffle=False), n_jobs=-1
2024-08-05 10:32:47,725:INFO:Calculating mean and std
2024-08-05 10:32:47,725:INFO:Creating metrics dataframe
2024-08-05 10:32:47,726:INFO:Uploading results into container
2024-08-05 10:32:47,726:INFO:Uploading model into container now
2024-08-05 10:32:47,726:INFO:_master_model_container: 9
2024-08-05 10:32:47,726:INFO:_display_container: 2
2024-08-05 10:32:47,726:INFO:PassiveAggressiveRegressor(random_state=42)
2024-08-05 10:32:47,726:INFO:create_model() successfully completed......................................
2024-08-05 10:32:47,766:INFO:SubProcess create_model() end ==================================
2024-08-05 10:32:47,766:INFO:Creating metrics dataframe
2024-08-05 10:32:47,769:INFO:Initializing Huber Regressor
2024-08-05 10:32:47,769:INFO:Total runtime is 0.0682405988375346 minutes
2024-08-05 10:32:47,770:INFO:SubProcess create_model() called ==================================
2024-08-05 10:32:47,770:INFO:Initializing create_model()
2024-08-05 10:32:47,770:INFO:create_model(self=<pycaret.regression.oop.RegressionExperiment object at 0x104790890>, estimator=huber, fold=KFold(n_splits=10, random_state=None, shuffle=False), round=4, cross_validation=True, predict=True, fit_kwargs={}, groups=None, refit=False, probability_threshold=None, experiment_custom_tags=None, verbose=False, system=False, add_to_model_list=True, metrics=None, display=<pycaret.internal.display.display.CommonDisplay object at 0x16a9b0850>, model_only=True, return_train_score=False, error_score=0.0, kwargs={})
2024-08-05 10:32:47,771:INFO:Checking exceptions
2024-08-05 10:32:47,771:INFO:Importing libraries
2024-08-05 10:32:47,771:INFO:Copying training dataset
2024-08-05 10:32:47,773:INFO:Defining folds
2024-08-05 10:32:47,773:INFO:Declaring metric variables
2024-08-05 10:32:47,774:INFO:Importing untrained model
2024-08-05 10:32:47,775:INFO:Huber Regressor Imported successfully
2024-08-05 10:32:47,777:INFO:Starting cross validation
2024-08-05 10:32:47,778:INFO:Cross validating with KFold(n_splits=10, random_state=None, shuffle=False), n_jobs=-1
2024-08-05 10:32:47,812:WARNING:/Users/kyunghee/anaconda3/envs/ss/lib/python3.11/site-packages/sklearn/linear_model/_huber.py:342: ConvergenceWarning: lbfgs failed to converge (status=1):
STOP: TOTAL NO. of ITERATIONS REACHED LIMIT.

Increase the number of iterations (max_iter) or scale the data as shown in:
    https://scikit-learn.org/stable/modules/preprocessing.html
  self.n_iter_ = _check_optimize_result("lbfgs", opt_res, self.max_iter)

2024-08-05 10:32:47,813:WARNING:/Users/kyunghee/anaconda3/envs/ss/lib/python3.11/site-packages/sklearn/linear_model/_huber.py:342: ConvergenceWarning: lbfgs failed to converge (status=1):
STOP: TOTAL NO. of ITERATIONS REACHED LIMIT.

Increase the number of iterations (max_iter) or scale the data as shown in:
    https://scikit-learn.org/stable/modules/preprocessing.html
  self.n_iter_ = _check_optimize_result("lbfgs", opt_res, self.max_iter)

2024-08-05 10:32:47,820:WARNING:/Users/kyunghee/anaconda3/envs/ss/lib/python3.11/site-packages/sklearn/linear_model/_huber.py:342: ConvergenceWarning: lbfgs failed to converge (status=1):
STOP: TOTAL NO. of ITERATIONS REACHED LIMIT.

Increase the number of iterations (max_iter) or scale the data as shown in:
    https://scikit-learn.org/stable/modules/preprocessing.html
  self.n_iter_ = _check_optimize_result("lbfgs", opt_res, self.max_iter)

2024-08-05 10:32:47,820:WARNING:/Users/kyunghee/anaconda3/envs/ss/lib/python3.11/site-packages/sklearn/linear_model/_huber.py:342: ConvergenceWarning: lbfgs failed to converge (status=1):
STOP: TOTAL NO. of ITERATIONS REACHED LIMIT.

Increase the number of iterations (max_iter) or scale the data as shown in:
    https://scikit-learn.org/stable/modules/preprocessing.html
  self.n_iter_ = _check_optimize_result("lbfgs", opt_res, self.max_iter)

2024-08-05 10:32:47,834:WARNING:/Users/kyunghee/anaconda3/envs/ss/lib/python3.11/site-packages/sklearn/linear_model/_huber.py:342: ConvergenceWarning: lbfgs failed to converge (status=1):
STOP: TOTAL NO. of ITERATIONS REACHED LIMIT.

Increase the number of iterations (max_iter) or scale the data as shown in:
    https://scikit-learn.org/stable/modules/preprocessing.html
  self.n_iter_ = _check_optimize_result("lbfgs", opt_res, self.max_iter)

2024-08-05 10:32:47,839:WARNING:/Users/kyunghee/anaconda3/envs/ss/lib/python3.11/site-packages/sklearn/linear_model/_huber.py:342: ConvergenceWarning: lbfgs failed to converge (status=1):
STOP: TOTAL NO. of ITERATIONS REACHED LIMIT.

Increase the number of iterations (max_iter) or scale the data as shown in:
    https://scikit-learn.org/stable/modules/preprocessing.html
  self.n_iter_ = _check_optimize_result("lbfgs", opt_res, self.max_iter)

2024-08-05 10:32:47,842:WARNING:/Users/kyunghee/anaconda3/envs/ss/lib/python3.11/site-packages/sklearn/linear_model/_huber.py:342: ConvergenceWarning: lbfgs failed to converge (status=1):
STOP: TOTAL NO. of ITERATIONS REACHED LIMIT.

Increase the number of iterations (max_iter) or scale the data as shown in:
    https://scikit-learn.org/stable/modules/preprocessing.html
  self.n_iter_ = _check_optimize_result("lbfgs", opt_res, self.max_iter)

2024-08-05 10:32:47,849:WARNING:/Users/kyunghee/anaconda3/envs/ss/lib/python3.11/site-packages/sklearn/linear_model/_huber.py:342: ConvergenceWarning: lbfgs failed to converge (status=1):
STOP: TOTAL NO. of ITERATIONS REACHED LIMIT.

Increase the number of iterations (max_iter) or scale the data as shown in:
    https://scikit-learn.org/stable/modules/preprocessing.html
  self.n_iter_ = _check_optimize_result("lbfgs", opt_res, self.max_iter)

2024-08-05 10:32:47,851:WARNING:/Users/kyunghee/anaconda3/envs/ss/lib/python3.11/site-packages/sklearn/linear_model/_huber.py:342: ConvergenceWarning: lbfgs failed to converge (status=1):
STOP: TOTAL NO. of ITERATIONS REACHED LIMIT.

Increase the number of iterations (max_iter) or scale the data as shown in:
    https://scikit-learn.org/stable/modules/preprocessing.html
  self.n_iter_ = _check_optimize_result("lbfgs", opt_res, self.max_iter)

2024-08-05 10:32:47,861:WARNING:/Users/kyunghee/anaconda3/envs/ss/lib/python3.11/site-packages/sklearn/linear_model/_huber.py:342: ConvergenceWarning: lbfgs failed to converge (status=1):
STOP: TOTAL NO. of ITERATIONS REACHED LIMIT.

Increase the number of iterations (max_iter) or scale the data as shown in:
    https://scikit-learn.org/stable/modules/preprocessing.html
  self.n_iter_ = _check_optimize_result("lbfgs", opt_res, self.max_iter)

2024-08-05 10:32:47,868:INFO:Calculating mean and std
2024-08-05 10:32:47,869:INFO:Creating metrics dataframe
2024-08-05 10:32:47,869:INFO:Uploading results into container
2024-08-05 10:32:47,869:INFO:Uploading model into container now
2024-08-05 10:32:47,870:INFO:_master_model_container: 10
2024-08-05 10:32:47,870:INFO:_display_container: 2
2024-08-05 10:32:47,870:INFO:HuberRegressor()
2024-08-05 10:32:47,870:INFO:create_model() successfully completed......................................
2024-08-05 10:32:47,911:INFO:SubProcess create_model() end ==================================
2024-08-05 10:32:47,911:INFO:Creating metrics dataframe
2024-08-05 10:32:47,915:INFO:Initializing K Neighbors Regressor
2024-08-05 10:32:47,915:INFO:Total runtime is 0.07066341638565064 minutes
2024-08-05 10:32:47,916:INFO:SubProcess create_model() called ==================================
2024-08-05 10:32:47,917:INFO:Initializing create_model()
2024-08-05 10:32:47,917:INFO:create_model(self=<pycaret.regression.oop.RegressionExperiment object at 0x104790890>, estimator=knn, fold=KFold(n_splits=10, random_state=None, shuffle=False), round=4, cross_validation=True, predict=True, fit_kwargs={}, groups=None, refit=False, probability_threshold=None, experiment_custom_tags=None, verbose=False, system=False, add_to_model_list=True, metrics=None, display=<pycaret.internal.display.display.CommonDisplay object at 0x16a9b0850>, model_only=True, return_train_score=False, error_score=0.0, kwargs={})
2024-08-05 10:32:47,917:INFO:Checking exceptions
2024-08-05 10:32:47,917:INFO:Importing libraries
2024-08-05 10:32:47,917:INFO:Copying training dataset
2024-08-05 10:32:47,919:INFO:Defining folds
2024-08-05 10:32:47,919:INFO:Declaring metric variables
2024-08-05 10:32:47,921:INFO:Importing untrained model
2024-08-05 10:32:47,923:INFO:K Neighbors Regressor Imported successfully
2024-08-05 10:32:47,930:INFO:Starting cross validation
2024-08-05 10:32:47,931:INFO:Cross validating with KFold(n_splits=10, random_state=None, shuffle=False), n_jobs=-1
2024-08-05 10:32:48,010:INFO:Calculating mean and std
2024-08-05 10:32:48,011:INFO:Creating metrics dataframe
2024-08-05 10:32:48,011:INFO:Uploading results into container
2024-08-05 10:32:48,012:INFO:Uploading model into container now
2024-08-05 10:32:48,012:INFO:_master_model_container: 11
2024-08-05 10:32:48,012:INFO:_display_container: 2
2024-08-05 10:32:48,012:INFO:KNeighborsRegressor(n_jobs=-1)
2024-08-05 10:32:48,012:INFO:create_model() successfully completed......................................
2024-08-05 10:32:48,065:INFO:SubProcess create_model() end ==================================
2024-08-05 10:32:48,066:INFO:Creating metrics dataframe
2024-08-05 10:32:48,069:INFO:Initializing Decision Tree Regressor
2024-08-05 10:32:48,069:INFO:Total runtime is 0.07324334780375164 minutes
2024-08-05 10:32:48,070:INFO:SubProcess create_model() called ==================================
2024-08-05 10:32:48,071:INFO:Initializing create_model()
2024-08-05 10:32:48,071:INFO:create_model(self=<pycaret.regression.oop.RegressionExperiment object at 0x104790890>, estimator=dt, fold=KFold(n_splits=10, random_state=None, shuffle=False), round=4, cross_validation=True, predict=True, fit_kwargs={}, groups=None, refit=False, probability_threshold=None, experiment_custom_tags=None, verbose=False, system=False, add_to_model_list=True, metrics=None, display=<pycaret.internal.display.display.CommonDisplay object at 0x16a9b0850>, model_only=True, return_train_score=False, error_score=0.0, kwargs={})
2024-08-05 10:32:48,071:INFO:Checking exceptions
2024-08-05 10:32:48,071:INFO:Importing libraries
2024-08-05 10:32:48,071:INFO:Copying training dataset
2024-08-05 10:32:48,074:INFO:Defining folds
2024-08-05 10:32:48,074:INFO:Declaring metric variables
2024-08-05 10:32:48,075:INFO:Importing untrained model
2024-08-05 10:32:48,076:INFO:Decision Tree Regressor Imported successfully
2024-08-05 10:32:48,079:INFO:Starting cross validation
2024-08-05 10:32:48,080:INFO:Cross validating with KFold(n_splits=10, random_state=None, shuffle=False), n_jobs=-1
2024-08-05 10:32:48,168:INFO:Calculating mean and std
2024-08-05 10:32:48,169:INFO:Creating metrics dataframe
2024-08-05 10:32:48,169:INFO:Uploading results into container
2024-08-05 10:32:48,170:INFO:Uploading model into container now
2024-08-05 10:32:48,170:INFO:_master_model_container: 12
2024-08-05 10:32:48,170:INFO:_display_container: 2
2024-08-05 10:32:48,170:INFO:DecisionTreeRegressor(random_state=42)
2024-08-05 10:32:48,170:INFO:create_model() successfully completed......................................
2024-08-05 10:32:48,214:INFO:SubProcess create_model() end ==================================
2024-08-05 10:32:48,214:INFO:Creating metrics dataframe
2024-08-05 10:32:48,218:INFO:Initializing Random Forest Regressor
2024-08-05 10:32:48,218:INFO:Total runtime is 0.07571841875712078 minutes
2024-08-05 10:32:48,219:INFO:SubProcess create_model() called ==================================
2024-08-05 10:32:48,219:INFO:Initializing create_model()
2024-08-05 10:32:48,219:INFO:create_model(self=<pycaret.regression.oop.RegressionExperiment object at 0x104790890>, estimator=rf, fold=KFold(n_splits=10, random_state=None, shuffle=False), round=4, cross_validation=True, predict=True, fit_kwargs={}, groups=None, refit=False, probability_threshold=None, experiment_custom_tags=None, verbose=False, system=False, add_to_model_list=True, metrics=None, display=<pycaret.internal.display.display.CommonDisplay object at 0x16a9b0850>, model_only=True, return_train_score=False, error_score=0.0, kwargs={})
2024-08-05 10:32:48,219:INFO:Checking exceptions
2024-08-05 10:32:48,219:INFO:Importing libraries
2024-08-05 10:32:48,219:INFO:Copying training dataset
2024-08-05 10:32:48,222:INFO:Defining folds
2024-08-05 10:32:48,222:INFO:Declaring metric variables
2024-08-05 10:32:48,223:INFO:Importing untrained model
2024-08-05 10:32:48,224:INFO:Random Forest Regressor Imported successfully
2024-08-05 10:32:48,227:INFO:Starting cross validation
2024-08-05 10:32:48,227:INFO:Cross validating with KFold(n_splits=10, random_state=None, shuffle=False), n_jobs=-1
2024-08-05 10:32:50,594:INFO:Calculating mean and std
2024-08-05 10:32:50,597:INFO:Creating metrics dataframe
2024-08-05 10:32:50,599:INFO:Uploading results into container
2024-08-05 10:32:50,600:INFO:Uploading model into container now
2024-08-05 10:32:50,600:INFO:_master_model_container: 13
2024-08-05 10:32:50,600:INFO:_display_container: 2
2024-08-05 10:32:50,601:INFO:RandomForestRegressor(n_jobs=-1, random_state=42)
2024-08-05 10:32:50,601:INFO:create_model() successfully completed......................................
2024-08-05 10:32:50,667:INFO:SubProcess create_model() end ==================================
2024-08-05 10:32:50,668:INFO:Creating metrics dataframe
2024-08-05 10:32:50,672:INFO:Initializing Extra Trees Regressor
2024-08-05 10:32:50,672:INFO:Total runtime is 0.11662643353144328 minutes
2024-08-05 10:32:50,674:INFO:SubProcess create_model() called ==================================
2024-08-05 10:32:50,674:INFO:Initializing create_model()
2024-08-05 10:32:50,674:INFO:create_model(self=<pycaret.regression.oop.RegressionExperiment object at 0x104790890>, estimator=et, fold=KFold(n_splits=10, random_state=None, shuffle=False), round=4, cross_validation=True, predict=True, fit_kwargs={}, groups=None, refit=False, probability_threshold=None, experiment_custom_tags=None, verbose=False, system=False, add_to_model_list=True, metrics=None, display=<pycaret.internal.display.display.CommonDisplay object at 0x16a9b0850>, model_only=True, return_train_score=False, error_score=0.0, kwargs={})
2024-08-05 10:32:50,674:INFO:Checking exceptions
2024-08-05 10:32:50,674:INFO:Importing libraries
2024-08-05 10:32:50,674:INFO:Copying training dataset
2024-08-05 10:32:50,677:INFO:Defining folds
2024-08-05 10:32:50,677:INFO:Declaring metric variables
2024-08-05 10:32:50,678:INFO:Importing untrained model
2024-08-05 10:32:50,679:INFO:Extra Trees Regressor Imported successfully
2024-08-05 10:32:50,682:INFO:Starting cross validation
2024-08-05 10:32:50,683:INFO:Cross validating with KFold(n_splits=10, random_state=None, shuffle=False), n_jobs=-1
2024-08-05 10:32:51,532:INFO:Calculating mean and std
2024-08-05 10:32:51,533:INFO:Creating metrics dataframe
2024-08-05 10:32:51,534:INFO:Uploading results into container
2024-08-05 10:32:51,534:INFO:Uploading model into container now
2024-08-05 10:32:51,534:INFO:_master_model_container: 14
2024-08-05 10:32:51,534:INFO:_display_container: 2
2024-08-05 10:32:51,535:INFO:ExtraTreesRegressor(n_jobs=-1, random_state=42)
2024-08-05 10:32:51,535:INFO:create_model() successfully completed......................................
2024-08-05 10:32:51,577:INFO:SubProcess create_model() end ==================================
2024-08-05 10:32:51,577:INFO:Creating metrics dataframe
2024-08-05 10:32:51,581:INFO:Initializing AdaBoost Regressor
2024-08-05 10:32:51,581:INFO:Total runtime is 0.13177183071772258 minutes
2024-08-05 10:32:51,582:INFO:SubProcess create_model() called ==================================
2024-08-05 10:32:51,583:INFO:Initializing create_model()
2024-08-05 10:32:51,583:INFO:create_model(self=<pycaret.regression.oop.RegressionExperiment object at 0x104790890>, estimator=ada, fold=KFold(n_splits=10, random_state=None, shuffle=False), round=4, cross_validation=True, predict=True, fit_kwargs={}, groups=None, refit=False, probability_threshold=None, experiment_custom_tags=None, verbose=False, system=False, add_to_model_list=True, metrics=None, display=<pycaret.internal.display.display.CommonDisplay object at 0x16a9b0850>, model_only=True, return_train_score=False, error_score=0.0, kwargs={})
2024-08-05 10:32:51,583:INFO:Checking exceptions
2024-08-05 10:32:51,583:INFO:Importing libraries
2024-08-05 10:32:51,583:INFO:Copying training dataset
2024-08-05 10:32:51,586:INFO:Defining folds
2024-08-05 10:32:51,586:INFO:Declaring metric variables
2024-08-05 10:32:51,587:INFO:Importing untrained model
2024-08-05 10:32:51,589:INFO:AdaBoost Regressor Imported successfully
2024-08-05 10:32:51,591:INFO:Starting cross validation
2024-08-05 10:32:51,591:INFO:Cross validating with KFold(n_splits=10, random_state=None, shuffle=False), n_jobs=-1
2024-08-05 10:32:51,930:INFO:Calculating mean and std
2024-08-05 10:32:51,930:INFO:Creating metrics dataframe
2024-08-05 10:32:51,931:INFO:Uploading results into container
2024-08-05 10:32:51,931:INFO:Uploading model into container now
2024-08-05 10:32:51,931:INFO:_master_model_container: 15
2024-08-05 10:32:51,931:INFO:_display_container: 2
2024-08-05 10:32:51,931:INFO:AdaBoostRegressor(random_state=42)
2024-08-05 10:32:51,931:INFO:create_model() successfully completed......................................
2024-08-05 10:32:51,974:INFO:SubProcess create_model() end ==================================
2024-08-05 10:32:51,974:INFO:Creating metrics dataframe
2024-08-05 10:32:51,980:INFO:Initializing Gradient Boosting Regressor
2024-08-05 10:32:51,980:INFO:Total runtime is 0.13841394980748495 minutes
2024-08-05 10:32:51,981:INFO:SubProcess create_model() called ==================================
2024-08-05 10:32:51,981:INFO:Initializing create_model()
2024-08-05 10:32:51,981:INFO:create_model(self=<pycaret.regression.oop.RegressionExperiment object at 0x104790890>, estimator=gbr, fold=KFold(n_splits=10, random_state=None, shuffle=False), round=4, cross_validation=True, predict=True, fit_kwargs={}, groups=None, refit=False, probability_threshold=None, experiment_custom_tags=None, verbose=False, system=False, add_to_model_list=True, metrics=None, display=<pycaret.internal.display.display.CommonDisplay object at 0x16a9b0850>, model_only=True, return_train_score=False, error_score=0.0, kwargs={})
2024-08-05 10:32:51,981:INFO:Checking exceptions
2024-08-05 10:32:51,982:INFO:Importing libraries
2024-08-05 10:32:51,982:INFO:Copying training dataset
2024-08-05 10:32:51,983:INFO:Defining folds
2024-08-05 10:32:51,983:INFO:Declaring metric variables
2024-08-05 10:32:51,985:INFO:Importing untrained model
2024-08-05 10:32:51,986:INFO:Gradient Boosting Regressor Imported successfully
2024-08-05 10:32:51,988:INFO:Starting cross validation
2024-08-05 10:32:51,989:INFO:Cross validating with KFold(n_splits=10, random_state=None, shuffle=False), n_jobs=-1
2024-08-05 10:32:53,341:INFO:Calculating mean and std
2024-08-05 10:32:53,342:INFO:Creating metrics dataframe
2024-08-05 10:32:53,342:INFO:Uploading results into container
2024-08-05 10:32:53,343:INFO:Uploading model into container now
2024-08-05 10:32:53,343:INFO:_master_model_container: 16
2024-08-05 10:32:53,343:INFO:_display_container: 2
2024-08-05 10:32:53,343:INFO:GradientBoostingRegressor(random_state=42)
2024-08-05 10:32:53,344:INFO:create_model() successfully completed......................................
2024-08-05 10:32:53,384:INFO:SubProcess create_model() end ==================================
2024-08-05 10:32:53,384:INFO:Creating metrics dataframe
2024-08-05 10:32:53,388:INFO:Initializing Light Gradient Boosting Machine
2024-08-05 10:32:53,388:INFO:Total runtime is 0.16188611586888632 minutes
2024-08-05 10:32:53,389:INFO:SubProcess create_model() called ==================================
2024-08-05 10:32:53,389:INFO:Initializing create_model()
2024-08-05 10:32:53,389:INFO:create_model(self=<pycaret.regression.oop.RegressionExperiment object at 0x104790890>, estimator=lightgbm, fold=KFold(n_splits=10, random_state=None, shuffle=False), round=4, cross_validation=True, predict=True, fit_kwargs={}, groups=None, refit=False, probability_threshold=None, experiment_custom_tags=None, verbose=False, system=False, add_to_model_list=True, metrics=None, display=<pycaret.internal.display.display.CommonDisplay object at 0x16a9b0850>, model_only=True, return_train_score=False, error_score=0.0, kwargs={})
2024-08-05 10:32:53,389:INFO:Checking exceptions
2024-08-05 10:32:53,389:INFO:Importing libraries
2024-08-05 10:32:53,389:INFO:Copying training dataset
2024-08-05 10:32:53,392:INFO:Defining folds
2024-08-05 10:32:53,392:INFO:Declaring metric variables
2024-08-05 10:32:53,394:INFO:Importing untrained model
2024-08-05 10:32:53,395:INFO:Light Gradient Boosting Machine Imported successfully
2024-08-05 10:32:53,397:INFO:Starting cross validation
2024-08-05 10:32:53,398:INFO:Cross validating with KFold(n_splits=10, random_state=None, shuffle=False), n_jobs=-1
2024-08-05 10:32:55,925:INFO:Calculating mean and std
2024-08-05 10:32:55,925:INFO:Creating metrics dataframe
2024-08-05 10:32:55,926:INFO:Uploading results into container
2024-08-05 10:32:55,927:INFO:Uploading model into container now
2024-08-05 10:32:55,927:INFO:_master_model_container: 17
2024-08-05 10:32:55,928:INFO:_display_container: 2
2024-08-05 10:32:55,928:INFO:LGBMRegressor(n_jobs=-1, random_state=42)
2024-08-05 10:32:55,928:INFO:create_model() successfully completed......................................
2024-08-05 10:32:55,980:INFO:SubProcess create_model() end ==================================
2024-08-05 10:32:55,980:INFO:Creating metrics dataframe
2024-08-05 10:32:55,984:INFO:Initializing Dummy Regressor
2024-08-05 10:32:55,984:INFO:Total runtime is 0.20515278180440266 minutes
2024-08-05 10:32:55,985:INFO:SubProcess create_model() called ==================================
2024-08-05 10:32:55,986:INFO:Initializing create_model()
2024-08-05 10:32:55,986:INFO:create_model(self=<pycaret.regression.oop.RegressionExperiment object at 0x104790890>, estimator=dummy, fold=KFold(n_splits=10, random_state=None, shuffle=False), round=4, cross_validation=True, predict=True, fit_kwargs={}, groups=None, refit=False, probability_threshold=None, experiment_custom_tags=None, verbose=False, system=False, add_to_model_list=True, metrics=None, display=<pycaret.internal.display.display.CommonDisplay object at 0x16a9b0850>, model_only=True, return_train_score=False, error_score=0.0, kwargs={})
2024-08-05 10:32:55,986:INFO:Checking exceptions
2024-08-05 10:32:55,986:INFO:Importing libraries
2024-08-05 10:32:55,986:INFO:Copying training dataset
2024-08-05 10:32:55,988:INFO:Defining folds
2024-08-05 10:32:55,988:INFO:Declaring metric variables
2024-08-05 10:32:55,989:INFO:Importing untrained model
2024-08-05 10:32:55,990:INFO:Dummy Regressor Imported successfully
2024-08-05 10:32:55,994:INFO:Starting cross validation
2024-08-05 10:32:55,994:INFO:Cross validating with KFold(n_splits=10, random_state=None, shuffle=False), n_jobs=-1
2024-08-05 10:32:56,034:INFO:Calculating mean and std
2024-08-05 10:32:56,035:INFO:Creating metrics dataframe
2024-08-05 10:32:56,036:INFO:Uploading results into container
2024-08-05 10:32:56,036:INFO:Uploading model into container now
2024-08-05 10:32:56,036:INFO:_master_model_container: 18
2024-08-05 10:32:56,036:INFO:_display_container: 2
2024-08-05 10:32:56,036:INFO:DummyRegressor()
2024-08-05 10:32:56,036:INFO:create_model() successfully completed......................................
2024-08-05 10:32:56,085:INFO:SubProcess create_model() end ==================================
2024-08-05 10:32:56,085:INFO:Creating metrics dataframe
2024-08-05 10:32:56,091:WARNING:/Users/kyunghee/anaconda3/envs/ss/lib/python3.11/site-packages/pycaret/internal/pycaret_experiment/supervised_experiment.py:339: FutureWarning: Styler.applymap has been deprecated. Use Styler.map instead.
  .applymap(highlight_cols, subset=["TT (Sec)"])

2024-08-05 10:32:56,095:INFO:Initializing create_model()
2024-08-05 10:32:56,095:INFO:create_model(self=<pycaret.regression.oop.RegressionExperiment object at 0x104790890>, estimator=BayesianRidge(), fold=KFold(n_splits=10, random_state=None, shuffle=False), round=4, cross_validation=False, predict=False, fit_kwargs={}, groups=None, refit=True, probability_threshold=None, experiment_custom_tags=None, verbose=False, system=False, add_to_model_list=True, metrics=None, display=None, model_only=True, return_train_score=False, error_score=0.0, kwargs={})
2024-08-05 10:32:56,096:INFO:Checking exceptions
2024-08-05 10:32:56,097:INFO:Importing libraries
2024-08-05 10:32:56,097:INFO:Copying training dataset
2024-08-05 10:32:56,099:INFO:Defining folds
2024-08-05 10:32:56,099:INFO:Declaring metric variables
2024-08-05 10:32:56,099:INFO:Importing untrained model
2024-08-05 10:32:56,099:INFO:Declaring custom model
2024-08-05 10:32:56,100:INFO:Bayesian Ridge Imported successfully
2024-08-05 10:32:56,100:INFO:Cross validation set to False
2024-08-05 10:32:56,100:INFO:Fitting Model
2024-08-05 10:32:56,288:INFO:BayesianRidge()
2024-08-05 10:32:56,288:INFO:create_model() successfully completed......................................
2024-08-05 10:32:56,502:INFO:_master_model_container: 18
2024-08-05 10:32:56,502:INFO:_display_container: 2
2024-08-05 10:32:56,503:INFO:BayesianRidge()
2024-08-05 10:32:56,503:INFO:compare_models() successfully completed......................................
2024-08-05 10:32:56,570:INFO:Initializing save_model()
2024-08-05 10:32:56,573:INFO:save_model(model=BayesianRidge(), model_name=best_model, prep_pipe_=Pipeline(memory=FastMemory(location=/var/folders/xn/54pdwlgd64n6bvcdrvsxqzx00000gn/T/joblib),
         steps=[('numerical_imputer',
                 TransformerWrapper(include=['x_0', 'x_1', 'x_2', 'x_3', 'x_4',
                                             'x_5', 'x_6', 'x_7', 'x_8', 'x_9',
                                             'x_10'],
                                    transformer=SimpleImputer())),
                ('categorical_imputer',
                 TransformerWrapper(include=[],
                                    transformer=SimpleImputer(strategy='most_frequent')))]), verbose=True, use_case=MLUsecase.REGRESSION, kwargs={})
2024-08-05 10:32:56,573:INFO:Adding model into prep_pipe
2024-08-05 10:32:56,575:INFO:best_model.pkl saved in current working directory
2024-08-05 10:32:56,577:INFO:Pipeline(memory=Memory(location=None),
         steps=[('numerical_imputer',
                 TransformerWrapper(include=['x_0', 'x_1', 'x_2', 'x_3', 'x_4',
                                             'x_5', 'x_6', 'x_7', 'x_8', 'x_9',
                                             'x_10'],
                                    transformer=SimpleImputer())),
                ('categorical_imputer',
                 TransformerWrapper(include=[],
                                    transformer=SimpleImputer(strategy='most_frequent'))),
                ('trained_model', BayesianRidge())])
2024-08-05 10:32:56,577:INFO:save_model() successfully completed......................................
2024-08-05 10:32:56,634:INFO:Initializing load_model()
2024-08-05 10:32:56,635:INFO:load_model(model_name=best_model, platform=None, authentication=None, verbose=True)
2024-08-05 10:32:56,638:INFO:Initializing predict_model()
2024-08-05 10:32:56,638:INFO:predict_model(self=<pycaret.regression.oop.RegressionExperiment object at 0x104790890>, estimator=Pipeline(memory=FastMemory(location=/var/folders/xn/54pdwlgd64n6bvcdrvsxqzx00000gn/T/joblib),
         steps=[('numerical_imputer',
                 TransformerWrapper(include=['x_0', 'x_1', 'x_2', 'x_3', 'x_4',
                                             'x_5', 'x_6', 'x_7', 'x_8', 'x_9',
                                             'x_10'],
                                    transformer=SimpleImputer())),
                ('categorical_imputer',
                 TransformerWrapper(include=[],
                                    transformer=SimpleImputer(strategy='most_frequent'))),
                ('trained_model', BayesianRidge())]), probability_threshold=None, encoded_labels=False, raw_score=False, round=4, verbose=True, ml_usecase=None, preprocess=True, encode_labels=<function _SupervisedExperiment.predict_model.<locals>.encode_labels at 0x16b8f85e0>)
2024-08-05 10:32:56,638:INFO:Checking exceptions
2024-08-05 10:32:56,638:INFO:Preloading libraries
2024-08-05 10:32:56,639:INFO:Set up data.
2024-08-05 10:32:56,641:INFO:Set up index.
